[2025-05-12 17:06:39,326: INFO: main: Welcome to my custom log]
[2025-05-12 19:21:03,288: INFO: common: yaml file: config\config.yaml loaded successfully]
[2025-05-12 19:21:03,293: INFO: common: yaml file: params.yaml loaded successfully]
[2025-05-12 19:23:00,579: INFO: common: yaml file: config\config.yaml loaded successfully]
[2025-05-12 19:23:00,581: INFO: common: yaml file: params.yaml loaded successfully]
[2025-05-12 19:25:17,815: INFO: common: yaml file: config\config.yaml loaded successfully]
[2025-05-12 19:25:17,826: INFO: common: yaml file: params.yaml loaded successfully]
[2025-05-12 19:29:04,233: INFO: common: yaml file: config\config.yaml loaded successfully]
[2025-05-12 19:29:04,235: INFO: common: yaml file: params.yaml loaded successfully]
[2025-05-12 19:45:11,536: INFO: common: yaml file: config\config.yaml loaded successfully]
[2025-05-12 19:45:11,538: INFO: common: yaml file: params.yaml loaded successfully]
[2025-05-12 19:46:25,795: INFO: common: yaml file: config\config.yaml loaded successfully]
[2025-05-12 19:46:25,795: INFO: common: yaml file: params.yaml loaded successfully]
[2025-05-12 19:46:56,793: INFO: common: yaml file: config\config.yaml loaded successfully]
[2025-05-12 19:46:56,795: INFO: common: yaml file: params.yaml loaded successfully]
[2025-05-12 19:47:26,918: INFO: common: yaml file: config\config.yaml loaded successfully]
[2025-05-12 19:47:26,920: INFO: common: yaml file: params.yaml loaded successfully]
[2025-05-12 20:31:27,058: INFO: common: yaml file: config\config.yaml loaded successfully]
[2025-05-12 20:31:27,060: INFO: common: yaml file: params.yaml loaded successfully]
[2025-05-12 20:31:27,061: INFO: common: Created directory at: artifacts]
[2025-05-12 20:31:55,156: INFO: common: yaml file: config\config.yaml loaded successfully]
[2025-05-12 20:31:55,158: INFO: common: yaml file: params.yaml loaded successfully]
[2025-05-12 20:31:55,159: INFO: common: Created directory at: artifacts]
[2025-05-12 20:31:55,160: INFO: common: Created directory at: artifacts/data_ingestion]
[2025-05-12 20:32:31,559: INFO: common: yaml file: config\config.yaml loaded successfully]
[2025-05-12 20:32:31,561: INFO: common: yaml file: params.yaml loaded successfully]
[2025-05-12 20:32:31,562: INFO: common: Created directory at: artifacts]
[2025-05-12 20:32:31,563: INFO: common: Created directory at: artifacts/data_ingestion]
[2025-05-12 20:32:53,613: INFO: common: yaml file: config\config.yaml loaded successfully]
[2025-05-12 20:32:53,614: INFO: common: yaml file: params.yaml loaded successfully]
[2025-05-12 20:32:53,615: INFO: common: Created directory at: artifacts]
[2025-05-12 20:32:53,616: INFO: common: Created directory at: artifacts/data_ingestion]
[2025-05-12 20:33:22,182: INFO: common: yaml file: config\config.yaml loaded successfully]
[2025-05-12 20:33:22,183: INFO: common: yaml file: params.yaml loaded successfully]
[2025-05-12 20:33:22,185: INFO: common: Created directory at: artifacts]
[2025-05-12 20:33:22,187: INFO: common: Created directory at: artifacts/data_ingestion]
[2025-05-12 20:33:24,534: INFO: 1916319891: artifacts/data_ingestion/data.zip downloaded with following info: 
Connection: close
Content-Length: 11616915
Cache-Control: max-age=300
Content-Security-Policy: default-src 'none'; style-src 'unsafe-inline'; sandbox
Content-Type: application/zip
ETag: "adf745abc03891fe493c3be264ec012691fe3fa21d861f35a27edbe6d86a76b1"
Strict-Transport-Security: max-age=31536000
X-Content-Type-Options: nosniff
X-Frame-Options: deny
X-XSS-Protection: 1; mode=block
X-GitHub-Request-Id: 9D27:1FBF5D:1F1F0C:257F89:68229355
Accept-Ranges: bytes
Date: Tue, 13 May 2025 00:33:26 GMT
Via: 1.1 varnish
X-Served-By: cache-mia-kmia1760076-MIA
X-Cache: MISS
X-Cache-Hits: 0
X-Timer: S1747096405.416700,VS0,VE740
Vary: Authorization,Accept-Encoding,Origin
Access-Control-Allow-Origin: *
Cross-Origin-Resource-Policy: cross-origin
X-Fastly-Request-ID: c039f838b513008b18b6575130c66673d0778713
Expires: Tue, 13 May 2025 00:38:26 GMT
Source-Age: 0

]
[2025-05-14 16:55:27,047: INFO: main: <<<<<<<<<<<<<Data Ingestion Stage started>>>>>>>>>>>>>>]
[2025-05-14 16:55:27,057: INFO: common: yaml file: config\config.yaml loaded successfully]
[2025-05-14 16:55:27,059: INFO: common: yaml file: params.yaml loaded successfully]
[2025-05-14 16:55:27,060: INFO: common: Created directory at: artifacts]
[2025-05-14 16:55:27,061: INFO: common: Created directory at: artifacts/data_ingestion]
[2025-05-14 16:55:28,671: INFO: data_ingestion: artifacts/data_ingestion/data.zip downloaded with following info: 
Connection: close
Content-Length: 11616915
Cache-Control: max-age=300
Content-Security-Policy: default-src 'none'; style-src 'unsafe-inline'; sandbox
Content-Type: application/zip
ETag: "adf745abc03891fe493c3be264ec012691fe3fa21d861f35a27edbe6d86a76b1"
Strict-Transport-Security: max-age=31536000
X-Content-Type-Options: nosniff
X-Frame-Options: deny
X-XSS-Protection: 1; mode=block
X-GitHub-Request-Id: 9958:1FA8EA:1C7B3C:22646A:68250340
Accept-Ranges: bytes
Date: Wed, 14 May 2025 20:55:29 GMT
Via: 1.1 varnish
X-Served-By: cache-mia-kmia1760066-MIA
X-Cache: MISS
X-Cache-Hits: 0
X-Timer: S1747256129.311209,VS0,VE312
Vary: Authorization,Accept-Encoding,Origin
Access-Control-Allow-Origin: *
Cross-Origin-Resource-Policy: cross-origin
X-Fastly-Request-ID: 9d961f61d2b076ac1ecac865e7166982890c7d09
Expires: Wed, 14 May 2025 21:00:29 GMT
Source-Age: 0

]
[2025-05-14 16:55:28,919: INFO: main: <<<<<<<<<<<<<Data Ingestion Stage completed>>>>>>>>>>>>>>]
[2025-05-14 19:43:18,270: INFO: common: yaml file: config\config.yaml loaded successfully]
[2025-05-14 19:43:18,286: INFO: common: yaml file: params.yaml loaded successfully]
[2025-05-14 19:49:20,346: INFO: common: yaml file: config\config.yaml loaded successfully]
[2025-05-14 19:49:20,349: INFO: common: yaml file: params.yaml loaded successfully]
[2025-05-14 19:50:11,041: INFO: common: yaml file: config\config.yaml loaded successfully]
[2025-05-14 19:50:11,047: INFO: common: yaml file: params.yaml loaded successfully]
[2025-05-14 19:52:22,989: INFO: common: yaml file: config\config.yaml loaded successfully]
[2025-05-14 19:52:22,992: INFO: common: yaml file: params.yaml loaded successfully]
[2025-05-14 19:53:16,637: INFO: common: yaml file: config\config.yaml loaded successfully]
[2025-05-14 19:53:16,641: INFO: common: yaml file: params.yaml loaded successfully]
[2025-05-14 19:54:22,301: INFO: common: yaml file: config\config.yaml loaded successfully]
[2025-05-14 19:54:22,303: INFO: common: yaml file: params.yaml loaded successfully]
[2025-05-14 19:58:33,235: INFO: common: yaml file: config\config.yaml loaded successfully]
[2025-05-14 19:58:33,237: INFO: common: yaml file: params.yaml loaded successfully]
[2025-05-14 20:04:37,955: INFO: common: yaml file: config\config.yaml loaded successfully]
[2025-05-14 20:04:37,958: INFO: common: yaml file: params.yaml loaded successfully]
[2025-05-14 20:04:37,960: INFO: common: Created directory at: artifacts]
[2025-05-14 20:04:37,963: INFO: common: Created directory at: artifacts/prepare_base_model]
[2025-05-15 11:19:20,624: INFO: common: yaml file: config\config.yaml loaded successfully]
[2025-05-15 11:19:20,643: INFO: common: yaml file: params.yaml loaded successfully]
[2025-05-15 11:19:20,643: INFO: common: Created directory at: artifacts]
[2025-05-15 11:19:20,643: INFO: common: Created directory at: artifacts/prepare_base_model]
[2025-05-15 11:19:21,201: WARNING: saving_api: You are saving your model as an HDF5 file via `model.save()` or `keras.saving.save_model(model)`. This file format is considered legacy. We recommend using instead the native Keras format, e.g. `model.save('my_model.keras')` or `keras.saving.save_model(model, 'my_model.keras')`. ]
[2025-05-15 11:19:21,510: WARNING: saving_api: You are saving your model as an HDF5 file via `model.save()` or `keras.saving.save_model(model)`. This file format is considered legacy. We recommend using instead the native Keras format, e.g. `model.save('my_model.keras')` or `keras.saving.save_model(model, 'my_model.keras')`. ]
[2025-05-15 12:08:57,606: INFO: main: <<<<<<<<<<<<<Data Ingestion Stage started>>>>>>>>>>>>>>]
[2025-05-15 12:08:57,606: INFO: common: yaml file: config\config.yaml loaded successfully]
[2025-05-15 12:08:57,606: INFO: common: yaml file: params.yaml loaded successfully]
[2025-05-15 12:08:57,606: INFO: common: Created directory at: artifacts]
[2025-05-15 12:08:57,606: ERROR: main: 'ConfigurationManager' object has no attribute 'get_data_ingestion_config']
Traceback (most recent call last):
  File "C:\Users\athar\Projects\Deep Learning\Chicken-Disease-Classification\main.py", line 8, in <module>
    obj.main()
  File "c:\users\athar\projects\deep learning\chicken-disease-classification\src\CNNClassifier\pipeline\stage_01_data_ingestion.py", line 12, in main
    data_ingestion_config= di_config.get_data_ingestion_config() #call function and store in other object
AttributeError: 'ConfigurationManager' object has no attribute 'get_data_ingestion_config'
[2025-05-15 12:12:12,503: INFO: main: <<<<<<<<<<<<<Data Ingestion Stage started>>>>>>>>>>>>>>]
[2025-05-15 12:12:12,503: INFO: common: yaml file: config\config.yaml loaded successfully]
[2025-05-15 12:12:12,503: INFO: common: yaml file: params.yaml loaded successfully]
[2025-05-15 12:12:12,503: INFO: common: Created directory at: artifacts]
[2025-05-15 12:12:12,503: INFO: common: Created directory at: artifacts/data_ingestion]
[2025-05-15 12:12:16,650: INFO: data_ingestion: artifacts/data_ingestion/data.zip downloaded with following info: 
Connection: close
Content-Length: 11616915
Cache-Control: max-age=300
Content-Security-Policy: default-src 'none'; style-src 'unsafe-inline'; sandbox
Content-Type: application/zip
ETag: "adf745abc03891fe493c3be264ec012691fe3fa21d861f35a27edbe6d86a76b1"
Strict-Transport-Security: max-age=31536000
X-Content-Type-Options: nosniff
X-Frame-Options: deny
X-XSS-Protection: 1; mode=block
X-GitHub-Request-Id: B27D:2A63F5:F4937:11CE4A:6826125C
Accept-Ranges: bytes
Date: Thu, 15 May 2025 16:12:13 GMT
Via: 1.1 varnish
X-Served-By: cache-mia-kmia1760027-MIA
X-Cache: MISS
X-Cache-Hits: 0
X-Timer: S1747325533.385473,VS0,VE292
Vary: Authorization,Accept-Encoding,Origin
Access-Control-Allow-Origin: *
Cross-Origin-Resource-Policy: cross-origin
X-Fastly-Request-ID: 11092ed2463e45840a5e76c9e83a147de5241665
Expires: Thu, 15 May 2025 16:17:13 GMT
Source-Age: 0

]
[2025-05-15 12:12:16,973: INFO: main: <<<<<<<<<<<<<Data Ingestion Stage completed>>>>>>>>>>>>>>]
[2025-05-15 12:12:16,973: INFO: main: <<<<<<<<<<<<<<<Prepare Base Model started>>>>>>>>>>>>>]
[2025-05-15 12:12:16,973: INFO: common: yaml file: config\config.yaml loaded successfully]
[2025-05-15 12:12:16,973: INFO: common: yaml file: params.yaml loaded successfully]
[2025-05-15 12:12:16,973: INFO: common: Created directory at: artifacts]
[2025-05-15 12:12:16,973: INFO: common: Created directory at: artifacts/prepare_base_model]
[2025-05-15 12:12:17,443: WARNING: saving_api: You are saving your model as an HDF5 file via `model.save()` or `keras.saving.save_model(model)`. This file format is considered legacy. We recommend using instead the native Keras format, e.g. `model.save('my_model.keras')` or `keras.saving.save_model(model, 'my_model.keras')`. ]
[2025-05-15 12:12:17,617: WARNING: saving_api: You are saving your model as an HDF5 file via `model.save()` or `keras.saving.save_model(model)`. This file format is considered legacy. We recommend using instead the native Keras format, e.g. `model.save('my_model.keras')` or `keras.saving.save_model(model, 'my_model.keras')`. ]
[2025-05-15 12:12:17,739: INFO: main: <<<<<<<<<<<<<<<Prepare Base Model completed>>>>>>>>>>>>>]
